#
# There is insufficient memory for the Java Runtime Environment to continue.
# Native memory allocation (malloc) failed to allocate 246496 bytes for Chunk::new
# Possible reasons:
#   The system is out of physical RAM or swap space
#   The process is running with CompressedOops enabled, and the Java Heap may be blocking the growth of the native heap
# Possible solutions:
#   Reduce memory load on the system
#   Increase physical memory or swap space
#   Check if swap backing store is full
#   Decrease Java heap size (-Xmx/-Xms)
#   Decrease number of Java threads
#   Decrease Java thread stack sizes (-Xss)
#   Set larger code cache with -XX:ReservedCodeCacheSize=
#   JVM is running with Unscaled Compressed Oops mode in which the Java heap is
#     placed in the first 4GB address space. The Java Heap base address is the
#     maximum limit for the native heap growth. Please use -XX:HeapBaseMinAddress
#     to set the Java Heap base and to place the Java Heap above 4GB virtual address.
# This output file may be truncated or incomplete.
#
#  Out of Memory Error (./src/hotspot/share/memory/arena.cpp:197), pid=12332, tid=3576
#
# JRE version: OpenJDK Runtime Environment (11.0.7+10) (build 11.0.7+10)
# Java VM: OpenJDK 64-Bit Server VM (11.0.7+10, mixed mode, tiered, compressed oops, g1 gc, windows-amd64)
# No core dump will be written. Minidumps are not enabled by default on client versions of Windows
#

---------------  S U M M A R Y ------------

Command Line: -ea -Didea.test.cyclic.buffer.size=1048576 -javaagent:C:\Users\Max\AppData\Local\JetBrains\Toolbox\apps\IDEA-C\ch-0\201.7846.76\lib\idea_rt.jar=49909:C:\Users\Max\AppData\Local\JetBrains\Toolbox\apps\IDEA-C\ch-0\201.7846.76\bin -Dfile.encoding=UTF-8 com.intellij.rt.junit.JUnitStarter -ideVersion5 -junit5 ru.netology.stats.StatsServiceTest,minSalesMonth

Host: Intel(R) Core(TM) i7-4702MQ CPU @ 2.20GHz, 8 cores, 7G,  Windows 10 , 64 bit Build 18362 (10.0.18362.329)
Time: Fri Jun 19 15:25:19 2020 RTZ 2 (ceia) elapsed time: 0 seconds (0d 0h 0m 0s)

---------------  T H R E A D  ---------------

Current thread (0x000002e51f013800):  JavaThread "C2 CompilerThread1" daemon [_thread_in_native, id=3576, stack(0x000000fdf2800000,0x000000fdf2900000)]


Current CompileTask:
C2:    599  832       4       jdk.internal.org.objectweb.asm.ClassWriter::newUTF8 (70 bytes)

Stack: [0x000000fdf2800000,0x000000fdf2900000]
Native frames: (J=compiled Java code, j=interpreted, Vv=VM code, C=native code)
V  [jvm.dll+0x5dec5a]
V  [jvm.dll+0x71671e]
V  [jvm.dll+0x717def]
V  [jvm.dll+0x7184b3]
V  [jvm.dll+0x2409b8]
V  [jvm.dll+0xb970c]
V  [jvm.dll+0xb9c9c]
V  [jvm.dll+0x2b0474]
V  [jvm.dll+0x4ff3c6]
V  [jvm.dll+0x2025cd]
V  [jvm.dll+0x1fc53a]
V  [jvm.dll+0x1f952f]
V  [jvm.dll+0x17e11c]
V  [jvm.dll+0x208a97]
V  [jvm.dll+0x206c7b]
V  [jvm.dll+0x6db519]
V  [jvm.dll+0x6d47b4]
V  [jvm.dll+0x5ddbe6]
C  [ucrtbase.dll+0x20e72]
C  [KERNEL32.DLL+0x17bd4]
C  [ntdll.dll+0x6ced1]


---------------  P R O C E S S  ---------------

Threads class SMR info:
_java_thread_list=0x000002e51f196810, length=12, elements={
0x000002e57f523800, 0x000002e51e4f9800, 0x000002e51e502800, 0x000002e51e514800,
0x000002e51e515000, 0x000002e51e516000, 0x000002e51e51b800, 0x000002e51e51d800,
0x000002e51e493000, 0x000002e51f013800, 0x000002e51f224800, 0x000002e51f1e3000
}

Java Threads: ( => current thread )
  0x000002e57f523800 JavaThread "main" [_thread_in_Java, id=13636, stack(0x000000fdf1900000,0x000000fdf1a00000)]
  0x000002e51e4f9800 JavaThread "Reference Handler" daemon [_thread_blocked, id=5772, stack(0x000000fdf2000000,0x000000fdf2100000)]
  0x000002e51e502800 JavaThread "Finalizer" daemon [_thread_blocked, id=12020, stack(0x000000fdf2100000,0x000000fdf2200000)]
  0x000002e51e514800 JavaThread "Signal Dispatcher" daemon [_thread_blocked, id=13788, stack(0x000000fdf2200000,0x000000fdf2300000)]
  0x000002e51e515000 JavaThread "Attach Listener" daemon [_thread_blocked, id=16068, stack(0x000000fdf2300000,0x000000fdf2400000)]
  0x000002e51e516000 JavaThread "C2 CompilerThread0" daemon [_thread_blocked, id=4712, stack(0x000000fdf2400000,0x000000fdf2500000)]
  0x000002e51e51b800 JavaThread "C1 CompilerThread0" daemon [_thread_in_vm, id=12652, stack(0x000000fdf2500000,0x000000fdf2600000)]
  0x000002e51e51d800 JavaThread "Sweeper thread" daemon [_thread_blocked, id=12344, stack(0x000000fdf2600000,0x000000fdf2700000)]
  0x000002e51e493000 JavaThread "Common-Cleaner" daemon [_thread_blocked, id=13912, stack(0x000000fdf2700000,0x000000fdf2800000)]
=>0x000002e51f013800 JavaThread "C2 CompilerThread1" daemon [_thread_in_native, id=3576, stack(0x000000fdf2800000,0x000000fdf2900000)]
  0x000002e51f224800 JavaThread "Monitor Ctrl-Break" daemon [_thread_in_native, id=14340, stack(0x000000fdf2900000,0x000000fdf2a00000)]
  0x000002e51f1e3000 JavaThread "Service Thread" daemon [_thread_blocked, id=15172, stack(0x000000fdf2a00000,0x000000fdf2b00000)]

Other Threads:
  0x000002e51e4d8800 VMThread "VM Thread" [stack: 0x000000fdf1f00000,0x000000fdf2000000] [id=15048]
  0x000002e51f1e5000 WatcherThread [stack: 0x000000fdf2b00000,0x000000fdf2c00000] [id=13920]
  0x000002e57f53b800 GCTaskThread "GC Thread#0" [stack: 0x000000fdf1a00000,0x000000fdf1b00000] [id=4092]
  0x000002e57f569000 ConcurrentGCThread "G1 Main Marker" [stack: 0x000000fdf1b00000,0x000000fdf1c00000] [id=14884]
  0x000002e57f56a800 ConcurrentGCThread "G1 Conc#0" [stack: 0x000000fdf1c00000,0x000000fdf1d00000] [id=10868]
  0x000002e57f5ed800 ConcurrentGCThread "G1 Refine#0" [stack: 0x000000fdf1d00000,0x000000fdf1e00000] [id=12776]
  0x000002e57f5ee800 ConcurrentGCThread "G1 Young RemSet Sampling" [stack: 0x000000fdf1e00000,0x000000fdf1f00000] [id=12360]

Threads with active compile tasks:
C2 CompilerThread1    622  832       4       jdk.internal.org.objectweb.asm.ClassWriter::newUTF8 (70 bytes)

VM state:not at safepoint (normal execution)

VM Mutex/Monitor currently owned by a thread: None

Heap address: 0x0000000081c00000, size: 2020 MB, Compressed Oops mode: 32-bit
Narrow klass base: 0x0000000000000000, Narrow klass shift: 3
Compressed class space size: 1073741824 Address: 0x0000000100000000

Heap:
 garbage-first heap   total 131072K, used 11264K [0x0000000081c00000, 0x0000000100000000)
  region size 1024K, 13 young (13312K), 0 survivors (0K)
 Metaspace       used 10717K, capacity 11095K, committed 11264K, reserved 1058816K
  class space    used 1097K, capacity 1236K, committed 1280K, reserved 1048576K
Heap Regions: E=young(eden), S=young(survivor), O=old, HS=humongous(starts), HC=humongous(continues), CS=collection set, F=free, A=archive, TAMS=top-at-mark-start (previous, next)
|   0|0x0000000081c00000, 0x0000000081c00000, 0x0000000081d00000|  0%| F|  |TAMS 0x0000000081c00000, 0x0000000081c00000| Untracked 
|   1|0x0000000081d00000, 0x0000000081d00000, 0x0000000081e00000|  0%| F|  |TAMS 0x0000000081d00000, 0x0000000081d00000| Untracked 
|   2|0x0000000081e00000, 0x0000000081e00000, 0x0000000081f00000|  0%| F|  |TAMS 0x0000000081e00000, 0x0000000081e00000| Untracked 
|   3|0x0000000081f00000, 0x0000000081f00000, 0x0000000082000000|  0%| F|  |TAMS 0x0000000081f00000, 0x0000000081f00000| Untracked 
|   4|0x0000000082000000, 0x0000000082000000, 0x0000000082100000|  0%| F|  |TAMS 0x0000000082000000, 0x0000000082000000| Untracked 
|   5|0x0000000082100000, 0x0000000082100000, 0x0000000082200000|  0%| F|  |TAMS 0x0000000082100000, 0x0000000082100000| Untracked 
|   6|0x0000000082200000, 0x0000000082200000, 0x0000000082300000|  0%| F|  |TAMS 0x0000000082200000, 0x0000000082200000| Untracked 
|   7|0x0000000082300000, 0x0000000082300000, 0x0000000082400000|  0%| F|  |TAMS 0x0000000082300000, 0x0000000082300000| Untracked 
|   8|0x0000000082400000, 0x0000000082400000, 0x0000000082500000|  0%| F|  |TAMS 0x0000000082400000, 0x0000000082400000| Untracked 
|   9|0x0000000082500000, 0x0000000082500000, 0x0000000082600000|  0%| F|  |TAMS 0x0000000082500000, 0x0000000082500000| Untracked 
|  10|0x0000000082600000, 0x0000000082600000, 0x0000000082700000|  0%| F|  |TAMS 0x0000000082600000, 0x0000000082600000| Untracked 
|  11|0x0000000082700000, 0x0000000082700000, 0x0000000082800000|  0%| F|  |TAMS 0x0000000082700000, 0x0000000082700000| Untracked 
|  12|0x0000000082800000, 0x0000000082800000, 0x0000000082900000|  0%| F|  |TAMS 0x0000000082800000, 0x0000000082800000| Untracked 
|  13|0x0000000082900000, 0x0000000082900000, 0x0000000082a00000|  0%| F|  |TAMS 0x0000000082900000, 0x0000000082900000| Untracked 
|  14|0x0000000082a00000, 0x0000000082a00000, 0x0000000082b00000|  0%| F|  |TAMS 0x0000000082a00000, 0x0000000082a00000| Untracked 
|  15|0x0000000082b00000, 0x0000000082b00000, 0x0000000082c00000|  0%| F|  |TAMS 0x0000000082b00000, 0x0000000082b00000| Untracked 
|  16|0x0000000082c00000, 0x0000000082c00000, 0x0000000082d00000|  0%| F|  |TAMS 0x0000000082c00000, 0x0000000082c00000| Untracked 
|  17|0x0000000082d00000, 0x0000000082d00000, 0x0000000082e00000|  0%| F|  |TAMS 0x0000000082d00000, 0x0000000082d00000| Untracked 
|  18|0x0000000082e00000, 0x0000000082e00000, 0x0000000082f00000|  0%| F|  |TAMS 0x0000000082e00000, 0x0000000082e00000| Untracked 
|  19|0x0000000082f00000, 0x0000000082f00000, 0x0000000083000000|  0%| F|  |TAMS 0x0000000082f00000, 0x0000000082f00000| Untracked 
|  20|0x0000000083000000, 0x0000000083000000, 0x0000000083100000|  0%| F|  |TAMS 0x0000000083000000, 0x0000000083000000| Untracked 
|  21|0x0000000083100000, 0x0000000083100000, 0x0000000083200000|  0%| F|  |TAMS 0x0000000083100000, 0x0000000083100000| Untracked 
|  22|0x0000000083200000, 0x0000000083200000, 0x0000000083300000|  0%| F|  |TAMS 0x0000000083200000, 0x0000000083200000| Untracked 
|  23|0x0000000083300000, 0x0000000083300000, 0x0000000083400000|  0%| F|  |TAMS 0x0000000083300000, 0x0000000083300000| Untracked 
|  24|0x0000000083400000, 0x0000000083400000, 0x0000000083500000|  0%| F|  |TAMS 0x0000000083400000, 0x0000000083400000| Untracked 
|  25|0x0000000083500000, 0x0000000083500000, 0x0000000083600000|  0%| F|  |TAMS 0x0000000083500000, 0x0000000083500000| Untracked 
|  26|0x0000000083600000, 0x0000000083600000, 0x0000000083700000|  0%| F|  |TAMS 0x0000000083600000, 0x0000000083600000| Untracked 
|  27|0x0000000083700000, 0x0000000083700000, 0x0000000083800000|  0%| F|  |TAMS 0x0000000083700000, 0x0000000083700000| Untracked 
|  28|0x0000000083800000, 0x0000000083800000, 0x0000000083900000|  0%| F|  |TAMS 0x0000000083800000, 0x0000000083800000| Untracked 
|  29|0x0000000083900000, 0x0000000083900000, 0x0000000083a00000|  0%| F|  |TAMS 0x0000000083900000, 0x0000000083900000| Untracked 
|  30|0x0000000083a00000, 0x0000000083a00000, 0x0000000083b00000|  0%| F|  |TAMS 0x0000000083a00000, 0x0000000083a00000| Untracked 
|  31|0x0000000083b00000, 0x0000000083b00000, 0x0000000083c00000|  0%| F|  |TAMS 0x0000000083b00000, 0x0000000083b00000| Untracked 
|  32|0x0000000083c00000, 0x0000000083c00000, 0x0000000083d00000|  0%| F|  |TAMS 0x0000000083c00000, 0x0000000083c00000| Untracked 
|  33|0x0000000083d00000, 0x0000000083d00000, 0x0000000083e00000|  0%| F|  |TAMS 0x0000000083d00000, 0x0000000083d00000| Untracked 
|  34|0x0000000083e00000, 0x0000000083e00000, 0x0000000083f00000|  0%| F|  |TAMS 0x0000000083e00000, 0x0000000083e00000| Untracked 
|  35|0x0000000083f00000, 0x0000000083f00000, 0x0000000084000000|  0%| F|  |TAMS 0x0000000083f00000, 0x0000000083f00000| Untracked 
|  36|0x0000000084000000, 0x0000000084000000, 0x0000000084100000|  0%| F|  |TAMS 0x0000000084000000, 0x0000000084000000| Untracked 
|  37|0x0000000084100000, 0x0000000084100000, 0x0000000084200000|  0%| F|  |TAMS 0x0000000084100000, 0x0000000084100000| Untracked 
|  38|0x0000000084200000, 0x0000000084200000, 0x0000000084300000|  0%| F|  |TAMS 0x0000000084200000, 0x0000000084200000| Untracked 
|  39|0x0000000084300000, 0x0000000084300000, 0x0000000084400000|  0%| F|  |TAMS 0x0000000084300000, 0x0000000084300000| Untracked 
|  40|0x0000000084400000, 0x0000000084400000, 0x0000000084500000|  0%| F|  |TAMS 0x0000000084400000, 0x0000000084400000| Untracked 
|  41|0x0000000084500000, 0x0000000084500000, 0x0000000084600000|  0%| F|  |TAMS 0x0000000084500000, 0x0000000084500000| Untracked 
|  42|0x0000000084600000, 0x0000000084600000, 0x0000000084700000|  0%| F|  |TAMS 0x0000000084600000, 0x0000000084600000| Untracked 
|  43|0x0000000084700000, 0x0000000084700000, 0x0000000084800000|  0%| F|  |TAMS 0x0000000084700000, 0x0000000084700000| Untracked 
|  44|0x0000000084800000, 0x0000000084800000, 0x0000000084900000|  0%| F|  |TAMS 0x0000000084800000, 0x0000000084800000| Untracked 
|  45|0x0000000084900000, 0x0000000084900000, 0x0000000084a00000|  0%| F|  |TAMS 0x0000000084900000, 0x0000000084900000| Untracked 
|  46|0x0000000084a00000, 0x0000000084a00000, 0x0000000084b00000|  0%| F|  |TAMS 0x0000000084a00000, 0x0000000084a00000| Untracked 
|  47|0x0000000084b00000, 0x0000000084b00000, 0x0000000084c00000|  0%| F|  |TAMS 0x0000000084b00000, 0x0000000084b00000| Untracked 
|  48|0x0000000084c00000, 0x0000000084c00000, 0x0000000084d00000|  0%| F|  |TAMS 0x0000000084c00000, 0x0000000084c00000| Untracked 
|  49|0x0000000084d00000, 0x0000000084d00000, 0x0000000084e00000|  0%| F|  |TAMS 0x0000000084d00000, 0x0000000084d00000| Untracked 
|  50|0x0000000084e00000, 0x0000000084e00000, 0x0000000084f00000|  0%| F|  |TAMS 0x0000000084e00000, 0x0000000084e00000| Untracked 
|  51|0x0000000084f00000, 0x0000000084f00000, 0x0000000085000000|  0%| F|  |TAMS 0x0000000084f00000, 0x0000000084f00000| Untracked 
|  52|0x0000000085000000, 0x0000000085000000, 0x0000000085100000|  0%| F|  |TAMS 0x0000000085000000, 0x0000000085000000| Untracked 
|  53|0x0000000085100000, 0x0000000085100000, 0x0000000085200000|  0%| F|  |TAMS 0x0000000085100000, 0x0000000085100000| Untracked 
|  54|0x0000000085200000, 0x0000000085200000, 0x0000000085300000|  0%| F|  |TAMS 0x0000000085200000, 0x0000000085200000| Untracked 
|  55|0x0000000085300000, 0x0000000085300000, 0x0000000085400000|  0%| F|  |TAMS 0x0000000085300000, 0x0000000085300000| Untracked 
|  56|0x0000000085400000, 0x0000000085400000, 0x0000000085500000|  0%| F|  |TAMS 0x0000000085400000, 0x0000000085400000| Untracked 
|  57|0x0000000085500000, 0x0000000085500000, 0x0000000085600000|  0%| F|  |TAMS 0x0000000085500000, 0x0000000085500000| Untracked 
|  58|0x0000000085600000, 0x0000000085600000, 0x0000000085700000|  0%| F|  |TAMS 0x0000000085600000, 0x0000000085600000| Untracked 
|  59|0x0000000085700000, 0x0000000085700000, 0x0000000085800000|  0%| F|  |TAMS 0x0000000085700000, 0x0000000085700000| Untracked 
|  60|0x0000000085800000, 0x0000000085800000, 0x0000000085900000|  0%| F|  |TAMS 0x0000000085800000, 0x0000000085800000| Untracked 
|  61|0x0000000085900000, 0x0000000085900000, 0x0000000085a00000|  0%| F|  |TAMS 0x0000000085900000, 0x0000000085900000| Untracked 
|  62|0x0000000085a00000, 0x0000000085a00000, 0x0000000085b00000|  0%| F|  |TAMS 0x0000000085a00000, 0x0000000085a00000| Untracked 
|  63|0x0000000085b00000, 0x0000000085b00000, 0x0000000085c00000|  0%| F|  |TAMS 0x0000000085b00000, 0x0000000085b00000| Untracked 
|  64|0x0000000085c00000, 0x0000000085c00000, 0x0000000085d00000|  0%| F|  |TAMS 0x0000000085c00000, 0x0000000085c00000| Untracked 
|  65|0x0000000085d00000, 0x0000000085d00000, 0x0000000085e00000|  0%| F|  |TAMS 0x0000000085d00000, 0x0000000085d00000| Untracked 
|  66|0x0000000085e00000, 0x0000000085e00000, 0x0000000085f00000|  0%| F|  |TAMS 0x0000000085e00000, 0x0000000085e00000| Untracked 
|  67|0x0000000085f00000, 0x0000000085f00000, 0x0000000086000000|  0%| F|  |TAMS 0x0000000085f00000, 0x0000000085f00000| Untracked 
|  68|0x0000000086000000, 0x0000000086000000, 0x0000000086100000|  0%| F|  |TAMS 0x0000000086000000, 0x0000000086000000| Untracked 
|  69|0x0000000086100000, 0x0000000086100000, 0x0000000086200000|  0%| F|  |TAMS 0x0000000086100000, 0x0000000086100000| Untracked 
|  70|0x0000000086200000, 0x0000000086200000, 0x0000000086300000|  0%| F|  |TAMS 0x0000000086200000, 0x0000000086200000| Untracked 
|  71|0x0000000086300000, 0x0000000086300000, 0x0000000086400000|  0%| F|  |TAMS 0x0000000086300000, 0x0000000086300000| Untracked 
|  72|0x0000000086400000, 0x0000000086400000, 0x0000000086500000|  0%| F|  |TAMS 0x0000000086400000, 0x0000000086400000| Untracked 
|  73|0x0000000086500000, 0x0000000086500000, 0x0000000086600000|  0%| F|  |TAMS 0x0000000086500000, 0x0000000086500000| Untracked 
|  74|0x0000000086600000, 0x0000000086600000, 0x0000000086700000|  0%| F|  |TAMS 0x0000000086600000, 0x0000000086600000| Untracked 
|  75|0x0000000086700000, 0x0000000086700000, 0x0000000086800000|  0%| F|  |TAMS 0x0000000086700000, 0x0000000086700000| Untracked 
|  76|0x0000000086800000, 0x0000000086800000, 0x0000000086900000|  0%| F|  |TAMS 0x0000000086800000, 0x0000000086800000| Untracked 
|  77|0x0000000086900000, 0x0000000086900000, 0x0000000086a00000|  0%| F|  |TAMS 0x0000000086900000, 0x0000000086900000| Untracked 
|  78|0x0000000086a00000, 0x0000000086a00000, 0x0000000086b00000|  0%| F|  |TAMS 0x0000000086a00000, 0x0000000086a00000| Untracked 
|  79|0x0000000086b00000, 0x0000000086b00000, 0x0000000086c00000|  0%| F|  |TAMS 0x0000000086b00000, 0x0000000086b00000| Untracked 
|  80|0x0000000086c00000, 0x0000000086c00000, 0x0000000086d00000|  0%| F|  |TAMS 0x0000000086c00000, 0x0000000086c00000| Untracked 
|  81|0x0000000086d00000, 0x0000000086d00000, 0x0000000086e00000|  0%| F|  |TAMS 0x0000000086d00000, 0x0000000086d00000| Untracked 
|  82|0x0000000086e00000, 0x0000000086e00000, 0x0000000086f00000|  0%| F|  |TAMS 0x0000000086e00000, 0x0000000086e00000| Untracked 
|  83|0x0000000086f00000, 0x0000000086f00000, 0x0000000087000000|  0%| F|  |TAMS 0x0000000086f00000, 0x0000000086f00000| Untracked 
|  84|0x0000000087000000, 0x0000000087000000, 0x0000000087100000|  0%| F|  |TAMS 0x0000000087000000, 0x0000000087000000| Untracked 
|  85|0x0000000087100000, 0x0000000087100000, 0x0000000087200000|  0%| F|  |TAMS 0x0000000087100000, 0x0000000087100000| Untracked 
|  86|0x0000000087200000, 0x0000000087200000, 0x0000000087300000|  0%| F|  |TAMS 0x0000000087200000, 0x0000000087200000| Untracked 
|  87|0x0000000087300000, 0x0000000087300000, 0x0000000087400000|  0%| F|  |TAMS 0x0000000087300000, 0x0000000087300000| Untracked 
|  88|0x0000000087400000, 0x0000000087400000, 0x0000000087500000|  0%| F|  |TAMS 0x0000000087400000, 0x0000000087400000| Untracked 
|  89|0x0000000087500000, 0x0000000087500000, 0x0000000087600000|  0%| F|  |TAMS 0x0000000087500000, 0x0000000087500000| Untracked 
|  90|0x0000000087600000, 0x0000000087600000, 0x0000000087700000|  0%| F|  |TAMS 0x0000000087600000, 0x0000000087600000| Untracked 
|  91|0x0000000087700000, 0x0000000087700000, 0x0000000087800000|  0%| F|  |TAMS 0x0000000087700000, 0x0000000087700000| Untracked 
|  92|0x0000000087800000, 0x0000000087800000, 0x0000000087900000|  0%| F|  |TAMS 0x0000000087800000, 0x0000000087800000| Untracked 
|  93|0x0000000087900000, 0x0000000087900000, 0x0000000087a00000|  0%| F|  |TAMS 0x0000000087900000, 0x0000000087900000| Untracked 
|  94|0x0000000087a00000, 0x0000000087a00000, 0x0000000087b00000|  0%| F|  |TAMS 0x0000000087a00000, 0x0000000087a00000| Untracked 
|  95|0x0000000087b00000, 0x0000000087b00000, 0x0000000087c00000|  0%| F|  |TAMS 0x0000000087b00000, 0x0000000087b00000| Untracked 
|  96|0x0000000087c00000, 0x0000000087c00000, 0x0000000087d00000|  0%| F|  |TAMS 0x0000000087c00000, 0x0000000087c00000| Untracked 
|  97|0x0000000087d00000, 0x0000000087d00000, 0x0000000087e00000|  0%| F|  |TAMS 0x0000000087d00000, 0x0000000087d00000| Untracked 
|  98|0x0000000087e00000, 0x0000000087e00000, 0x0000000087f00000|  0%| F|  |TAMS 0x0000000087e00000, 0x0000000087e00000| Untracked 
|  99|0x0000000087f00000, 0x0000000087f00000, 0x0000000088000000|  0%| F|  |TAMS 0x0000000087f00000, 0x0000000087f00000| Untracked 
| 100|0x0000000088000000, 0x0000000088000000, 0x0000000088100000|  0%| F|  |TAMS 0x0000000088000000, 0x0000000088000000| Untracked 
| 101|0x0000000088100000, 0x0000000088100000, 0x0000000088200000|  0%| F|  |TAMS 0x0000000088100000, 0x0000000088100000| Untracked 
| 102|0x0000000088200000, 0x0000000088200000, 0x0000000088300000|  0%| F|  |TAMS 0x0000000088200000, 0x0000000088200000| Untracked 
| 103|0x0000000088300000, 0x0000000088300000, 0x0000000088400000|  0%| F|  |TAMS 0x0000000088300000, 0x0000000088300000| Untracked 
| 104|0x0000000088400000, 0x0000000088400000, 0x0000000088500000|  0%| F|  |TAMS 0x0000000088400000, 0x0000000088400000| Untracked 
| 105|0x0000000088500000, 0x0000000088500000, 0x0000000088600000|  0%| F|  |TAMS 0x0000000088500000, 0x0000000088500000| Untracked 
| 106|0x0000000088600000, 0x0000000088600000, 0x0000000088700000|  0%| F|  |TAMS 0x0000000088600000, 0x0000000088600000| Untracked 
| 107|0x0000000088700000, 0x0000000088700000, 0x0000000088800000|  0%| F|  |TAMS 0x0000000088700000, 0x0000000088700000| Untracked 
| 108|0x0000000088800000, 0x0000000088800000, 0x0000000088900000|  0%| F|  |TAMS 0x0000000088800000, 0x0000000088800000| Untracked 
| 109|0x0000000088900000, 0x0000000088900000, 0x0000000088a00000|  0%| F|  |TAMS 0x0000000088900000, 0x0000000088900000| Untracked 
| 110|0x0000000088a00000, 0x0000000088a00000, 0x0000000088b00000|  0%| F|  |TAMS 0x0000000088a00000, 0x0000000088a00000| Untracked 
| 111|0x0000000088b00000, 0x0000000088b00000, 0x0000000088c00000|  0%| F|  |TAMS 0x0000000088b00000, 0x0000000088b00000| Untracked 
| 112|0x0000000088c00000, 0x0000000088c00000, 0x0000000088d00000|  0%| F|  |TAMS 0x0000000088c00000, 0x0000000088c00000| Untracked 
| 113|0x0000000088d00000, 0x0000000088d00000, 0x0000000088e00000|  0%| F|  |TAMS 0x0000000088d00000, 0x0000000088d00000| Untracked 
| 114|0x0000000088e00000, 0x0000000088e00000, 0x0000000088f00000|  0%| F|  |TAMS 0x0000000088e00000, 0x0000000088e00000| Untracked 
| 115|0x0000000088f00000, 0x0000000088f7b740, 0x0000000089000000| 48%| E|  |TAMS 0x0000000088f00000, 0x0000000088f00000| Complete 
| 116|0x0000000089000000, 0x0000000089100000, 0x0000000089100000|100%| E|CS|TAMS 0x0000000089000000, 0x0000000089000000| Complete 
| 117|0x0000000089100000, 0x0000000089200000, 0x0000000089200000|100%| E|CS|TAMS 0x0000000089100000, 0x0000000089100000| Complete 
| 118|0x0000000089200000, 0x0000000089300000, 0x0000000089300000|100%| E|  |TAMS 0x0000000089200000, 0x0000000089200000| Complete 
| 119|0x0000000089300000, 0x0000000089400000, 0x0000000089400000|100%| E|CS|TAMS 0x0000000089300000, 0x0000000089300000| Complete 
| 120|0x0000000089400000, 0x0000000089500000, 0x0000000089500000|100%| E|CS|TAMS 0x0000000089400000, 0x0000000089400000| Complete 
| 121|0x0000000089500000, 0x0000000089600000, 0x0000000089600000|100%| E|CS|TAMS 0x0000000089500000, 0x0000000089500000| Complete 
| 122|0x0000000089600000, 0x0000000089700000, 0x0000000089700000|100%| E|CS|TAMS 0x0000000089600000, 0x0000000089600000| Complete 
| 123|0x0000000089700000, 0x0000000089800000, 0x0000000089800000|100%| E|CS|TAMS 0x0000000089700000, 0x0000000089700000| Complete 
| 124|0x0000000089800000, 0x0000000089900000, 0x0000000089900000|100%| E|CS|TAMS 0x0000000089800000, 0x0000000089800000| Complete 
| 125|0x0000000089900000, 0x0000000089a00000, 0x0000000089a00000|100%| E|CS|TAMS 0x0000000089900000, 0x0000000089900000| Complete 
| 126|0x0000000089a00000, 0x0000000089b00000, 0x0000000089b00000|100%| E|CS|TAMS 0x0000000089a00000, 0x0000000089a00000| Complete 
| 127|0x0000000089b00000, 0x0000000089c00000, 0x0000000089c00000|100%| E|CS|TAMS 0x0000000089b00000, 0x0000000089b00000| Complete 

Card table byte_map: [0x000002e517590000,0x000002e517990000] _byte_map_base: 0x000002e517182000

Marking Bits (Prev, Next): (CMBitMap*) 0x000002e57f5604e8, (CMBitMap*) 0x000002e57f560520
 Prev Bits: [0x000002e517d90000, 0x000002e519d20000)
 Next Bits: [0x000002e519d20000, 0x000002e51bcb0000)

Polling page: 0x000002e57d4e0000

Metaspace:

Usage:
  Non-class:      9.63 MB capacity,     9.40 MB ( 98%) used,   198.65 KB (  2%) free+waste,    30.81 KB ( <1%) overhead. 
      Class:      1.21 MB capacity,     1.07 MB ( 89%) used,   121.63 KB ( 10%) free+waste,    15.94 KB (  1%) overhead. 
       Both:     10.83 MB capacity,    10.48 MB ( 97%) used,   320.27 KB (  3%) free+waste,    46.75 KB ( <1%) overhead. 

Virtual space:
  Non-class space:       10.00 MB reserved,       9.75 MB ( 98%) committed 
      Class space:        1.00 GB reserved,       1.25 MB ( <1%) committed 
             Both:        1.01 GB reserved,      11.00 MB (  1%) committed 

Chunk freelists:
   Non-Class:  61.00 KB
       Class:  12.00 KB
        Both:  73.00 KB

MaxMetaspaceSize: 17179869184.00 GB
CompressedClassSpaceSize: 1.00 GB

CodeHeap 'non-profiled nmethods': size=120000Kb used=279Kb max_used=279Kb free=119720Kb
 bounds [0x000002e510060000, 0x000002e5102d0000, 0x000002e517590000]
CodeHeap 'profiled nmethods': size=120000Kb used=1609Kb max_used=1609Kb free=118390Kb
 bounds [0x000002e508b30000, 0x000002e508da0000, 0x000002e510060000]
CodeHeap 'non-nmethods': size=5760Kb used=1067Kb max_used=1087Kb free=4692Kb
 bounds [0x000002e508590000, 0x000002e508800000, 0x000002e508b30000]
 total_blobs=1697 nmethods=873 adapters=275
 compilation: enabled
              stopped_count=0, restarted_count=0
 full_count=0

Compilation events (20 events):
Event: 0.576 Thread 0x000002e51e51b800 nmethod 831 0x000002e508c9ef90 code [0x000002e508c9f160, 0x000002e508c9f518]
Event: 0.576 Thread 0x000002e51f013800 nmethod 821 0x000002e5100a2e10 code [0x000002e5100a2fe0, 0x000002e5100a3508]
Event: 0.579 Thread 0x000002e51f013800  832       4       jdk.internal.org.objectweb.asm.ClassWriter::newUTF8 (70 bytes)
Event: 0.580 Thread 0x000002e51e51b800  833       3       java.util.zip.ZipUtils::LOCSIG (6 bytes)
Event: 0.581 Thread 0x000002e51e51b800 nmethod 833 0x000002e508c9f590 code [0x000002e508c9f760, 0x000002e508c9fa78]
Event: 0.583 Thread 0x000002e51e51b800  835       3       java.util.WeakHashMap::put (162 bytes)
Event: 0.584 Thread 0x000002e51e516000 nmethod 829 0x000002e5100a3790 code [0x000002e5100a39c0, 0x000002e5100a4160]
Event: 0.585 Thread 0x000002e51e51b800 nmethod 835 0x000002e508c9fc10 code [0x000002e508c9fea0, 0x000002e508ca0ea0]
Event: 0.585 Thread 0x000002e51e51b800  834       3       java.util.Collections$SetFromMap::add (22 bytes)
Event: 0.585 Thread 0x000002e51e51b800 nmethod 834 0x000002e508ca1390 code [0x000002e508ca1560, 0x000002e508ca17f0]
Event: 0.585 Thread 0x000002e51e51b800  836       3       java.lang.invoke.BoundMethodHandle::<init> (32 bytes)
Event: 0.585 Thread 0x000002e51e51b800 nmethod 836 0x000002e508ca1890 code [0x000002e508ca1a40, 0x000002e508ca1bf0]
Event: 0.586 Thread 0x000002e51e516000  837 %     4       java.lang.StringUTF16::toBytes @ 8 (34 bytes)
Event: 0.587 Thread 0x000002e51e51b800  838       3       java.lang.StringUTF16::newBytesFor (61 bytes)
Event: 0.588 Thread 0x000002e51e51b800 nmethod 838 0x000002e508ca1c90 code [0x000002e508ca1f40, 0x000002e508ca2a90]
Event: 0.589 Thread 0x000002e51e51b800  839       3       jdk.internal.loader.URLClassPath::getResource (74 bytes)
Event: 0.589 Thread 0x000002e51e51b800 nmethod 839 0x000002e508ca2e90 code [0x000002e508ca3080, 0x000002e508ca3420]
Event: 0.589 Thread 0x000002e51e51b800  840   !   3       java.util.zip.ZipFile::getInputStream (327 bytes)
Event: 0.591 Thread 0x000002e51e51b800 nmethod 840 0x000002e508ca3590 code [0x000002e508ca3900, 0x000002e508ca5200]
Event: 0.591 Thread 0x000002e51e51b800  841       3       java.util.zip.ZipFile$ZipFileInputStream::<init> (96 bytes)

GC Heap History (0 events):
No events

Deoptimization events (20 events):
Event: 0.304 Thread 0x000002e57f523800 DEOPT PACKING pc=0x000002e508b79eb8 sp=0x000000fdf19fdc70
Event: 0.304 Thread 0x000002e57f523800 DEOPT UNPACKING pc=0x000002e5085b8d4e sp=0x000000fdf19fd0c8 mode 0
Event: 0.333 Thread 0x000002e57f523800 Uncommon trap: trap_request=0xffffffde fr.pc=0x000002e51006e72c relative=0x0000000000000d2c
Event: 0.333 Thread 0x000002e57f523800 Uncommon trap: reason=class_check action=maybe_recompile pc=0x000002e51006e72c method=java.util.HashMap.putVal(ILjava/lang/Object;Ljava/lang/Object;ZZ)Ljava/lang/Object; @ 253 c2
Event: 0.333 Thread 0x000002e57f523800 DEOPT PACKING pc=0x000002e51006e72c sp=0x000000fdf19fe640
Event: 0.333 Thread 0x000002e57f523800 DEOPT UNPACKING pc=0x000002e5085b8f2f sp=0x000000fdf19fe5e0 mode 2
Event: 0.333 Thread 0x000002e57f523800 Uncommon trap: trap_request=0xffffff4d fr.pc=0x000002e51006e71c relative=0x0000000000000d1c
Event: 0.333 Thread 0x000002e57f523800 Uncommon trap: reason=unstable_if action=reinterpret pc=0x000002e51006e71c method=java.util.HashMap.putVal(ILjava/lang/Object;Ljava/lang/Object;ZZ)Ljava/lang/Object; @ 181 c2
Event: 0.333 Thread 0x000002e57f523800 DEOPT PACKING pc=0x000002e51006e71c sp=0x000000fdf19fc390
Event: 0.333 Thread 0x000002e57f523800 DEOPT UNPACKING pc=0x000002e5085b8f2f sp=0x000000fdf19fc330 mode 2
Event: 0.350 Thread 0x000002e57f523800 DEOPT PACKING pc=0x000002e508ba5b7f sp=0x000000fdf19fcf40
Event: 0.350 Thread 0x000002e57f523800 DEOPT UNPACKING pc=0x000002e5085b8d4e sp=0x000000fdf19fc390 mode 0
Event: 0.380 Thread 0x000002e57f523800 DEOPT PACKING pc=0x000002e508bc4922 sp=0x000000fdf19fc0f0
Event: 0.380 Thread 0x000002e57f523800 DEOPT UNPACKING pc=0x000002e5085b8d4e sp=0x000000fdf19fb558 mode 0
Event: 0.416 Thread 0x000002e57f523800 DEOPT PACKING pc=0x000002e508b6d1f0 sp=0x000000fdf19fd660
Event: 0.416 Thread 0x000002e57f523800 DEOPT UNPACKING pc=0x000002e5085b8d4e sp=0x000000fdf19fcae8 mode 0
Event: 0.423 Thread 0x000002e57f523800 DEOPT PACKING pc=0x000002e508b6d1f0 sp=0x000000fdf19fc580
Event: 0.424 Thread 0x000002e57f523800 DEOPT UNPACKING pc=0x000002e5085b8d4e sp=0x000000fdf19fba08 mode 0
Event: 0.431 Thread 0x000002e57f523800 DEOPT PACKING pc=0x000002e508b6d1f0 sp=0x000000fdf19fb6b0
Event: 0.431 Thread 0x000002e57f523800 DEOPT UNPACKING pc=0x000002e5085b8d4e sp=0x000000fdf19fab38 mode 0

Classes redefined (0 events):
No events

Internal exceptions (17 events):
Event: 0.363 Thread 0x000002e57f523800 Exception <a 'java/lang/NoSuchMethodError'{0x0000000089692bb8}: 'int java.lang.invoke.DirectMethodHandle$Holder.invokeSpecialIFC(java.lang.Object, java.lang.Object, int)'> (0x0000000089692bb8) thrown at [./src/hotspot/share/interpreter/linkResolver.cpp, line 773]
Event: 0.368 Thread 0x000002e57f523800 Exception <a 'java/lang/NoSuchMethodError'{0x00000000896b0060}: 'java.lang.Object java.lang.invoke.DirectMethodHandle$Holder.invokeStaticInit(java.lang.Object, java.lang.Object, java.lang.Object)'> (0x00000000896b0060) thrown at [./src/hotspot/share/interpreter/linkResolver.cpp, line 773]
Event: 0.369 Thread 0x000002e57f523800 Exception <a 'java/lang/NoSuchMethodError'{0x00000000896b7340}: 'void java.lang.invoke.DirectMethodHandle$Holder.invokeStaticInit(java.lang.Object, java.lang.Object, java.lang.Object)'> (0x00000000896b7340) thrown at [./src/hotspot/share/interpreter/linkResolver.cpp, line 773]
Event: 0.386 Thread 0x000002e57f523800 Exception <a 'java/lang/NoSuchMethodError'{0x000000008952d8c0}: 'int java.lang.invoke.DirectMethodHandle$Holder.invokeVirtual(java.lang.Object, java.lang.Object)'> (0x000000008952d8c0) thrown at [./src/hotspot/share/interpreter/linkResolver.cpp, line 773]
Event: 0.409 Thread 0x000002e57f523800 Exception <a 'java/lang/NoSuchMethodError'{0x0000000089590c38}: 'java.lang.Object java.lang.invoke.DirectMethodHandle$Holder.invokeStaticInit(java.lang.Object, int)'> (0x0000000089590c38) thrown at [./src/hotspot/share/interpreter/linkResolver.cpp, line 773]
Event: 0.435 Thread 0x000002e57f523800 Exception <a 'java/lang/NoSuchMethodError'{0x0000000089430ac0}: 'int java.lang.invoke.DirectMethodHandle$Holder.invokeSpecialIFC(java.lang.Object, java.lang.Object, java.lang.Object, java.lang.Object)'> (0x0000000089430ac0) thrown at [./src/hotspot/share/interpreter/linkResolver.cpp, line 773]
Event: 0.459 Thread 0x000002e57f523800 Exception <a 'java/lang/NoSuchMethodError'{0x00000000894c4bb8}: 'void java.lang.invoke.DirectMethodHandle$Holder.invokeInterface(java.lang.Object, java.lang.Object)'> (0x00000000894c4bb8) thrown at [./src/hotspot/share/interpreter/linkResolver.cpp, line 773]
Event: 0.459 Thread 0x000002e57f523800 Exception <a 'java/lang/IncompatibleClassChangeError'{0x00000000894c7ac0}: Found class java.lang.Object, but interface was expected> (0x00000000894c7ac0) thrown at [./src/hotspot/share/interpreter/linkResolver.cpp, line 839]
Event: 0.481 Thread 0x000002e57f523800 Exception <a 'java/lang/NoSuchMethodError'{0x0000000089380ef8}: 'java.lang.Object java.lang.invoke.Invokers$Holder.linkToTargetMethod(java.lang.Object, java.lang.Object, java.lang.Object, java.lang.Object, java.lang.Object, java.lang.Object)'> (0x0000000089380ef8) thrown at [./src/hotspot/share/interpreter/linkResolver.cpp, line 773]
Event: 0.515 Thread 0x000002e57f523800 Exception <a 'java/lang/NoSuchMethodError'{0x00000000892a1f18}: 'java.lang.Object java.lang.invoke.DirectMethodHandle$Holder.invokeSpecialIFC(java.lang.Object, java.lang.Object, java.lang.Object, java.lang.Object)'> (0x00000000892a1f18) thrown at [./src/hotspot/share/interpreter/linkResolver.cpp, line 773]
Event: 0.529 Thread 0x000002e57f523800 Exception <a 'java/lang/IncompatibleClassChangeError'{0x0000000089111b78}: Found class java.lang.Object, but interface was expected> (0x0000000089111b78) thrown at [./src/hotspot/share/interpreter/linkResolver.cpp, line 839]
Event: 0.545 Thread 0x000002e57f523800 Exception <a 'java/lang/IncompatibleClassChangeError'{0x0000000089161bf0}: Found class java.lang.Object, but interface was expected> (0x0000000089161bf0) thrown at [./src/hotspot/share/interpreter/linkResolver.cpp, line 839]
Event: 0.549 Thread 0x000002e57f523800 Exception <a 'java/lang/NoSuchMethodError'{0x0000000089180358}: 'void java.lang.invoke.DirectMethodHandle$Holder.invokeSpecial(java.lang.Object, java.lang.Object, java.lang.Object, java.lang.Object, java.lang.Object)'> (0x0000000089180358) thrown at [./src/hotspot/share/interpreter/linkResolver.cpp, line 773]
Event: 0.563 Thread 0x000002e57f523800 Exception <a 'java/lang/NoSuchMethodError'{0x00000000891f6bc0}: 'void java.lang.invoke.DirectMethodHandle$Holder.invokeInterface(java.lang.Object, java.lang.Object, java.lang.Object, java.lang.Object)'> (0x00000000891f6bc0) thrown at [./src/hotspot/share/interpreter/linkResolver.cpp, line 773]
Event: 0.563 Thread 0x000002e57f523800 Exception <a 'java/lang/IncompatibleClassChangeError'{0x00000000891f9980}: Found class java.lang.Object, but interface was expected> (0x00000000891f9980) thrown at [./src/hotspot/share/interpreter/linkResolver.cpp, line 839]
Event: 0.565 Thread 0x000002e57f523800 Exception <a 'java/lang/NoSuchMethodError'{0x000000008900e9f0}: 'void java.lang.invoke.DirectMethodHandle$Holder.invokeStatic(java.lang.Object, java.lang.Object, java.lang.Object, java.lang.Object)'> (0x000000008900e9f0) thrown at [./src/hotspot/share/interpreter/linkResolver.cpp, line 773]
Event: 0.569 Thread 0x000002e57f523800 Exception <a 'java/lang/NoSuchMethodError'{0x000000008901fe48}: 'java.lang.Object java.lang.invoke.DirectMethodHandle$Holder.invokeVirtual(java.lang.Object, java.lang.Object, java.lang.Object)'> (0x000000008901fe48) thrown at [./src/hotspot/share/interpreter/linkResolver.cpp, line 773]

Events (20 events):
Event: 0.584 loading class org/junit/platform/engine/support/hierarchical/ThrowableCollector$Factory
Event: 0.584 loading class org/junit/platform/engine/support/hierarchical/ThrowableCollector$Factory done
Event: 0.584 loading class org/junit/platform/engine/support/hierarchical/ThrowableCollector$Factory
Event: 0.584 loading class org/junit/platform/engine/support/hierarchical/ThrowableCollector$Factory done
Event: 0.585 loading class org/junit/platform/engine/support/hierarchical/HierarchicalTestExecutor
Event: 0.585 loading class org/junit/platform/engine/support/hierarchical/HierarchicalTestExecutor done
Event: 0.585 loading class org/junit/platform/engine/support/hierarchical/HierarchicalTestExecutorService$TestTask
Event: 0.585 loading class org/junit/platform/engine/support/hierarchical/HierarchicalTestExecutorService$TestTask done
Event: 0.586 loading class org/junit/platform/engine/support/hierarchical/NodeTreeWalker
Event: 0.586 loading class org/junit/platform/engine/support/hierarchical/NodeTreeWalker done
Event: 0.586 loading class org/junit/platform/engine/support/hierarchical/LockManager
Event: 0.586 loading class org/junit/platform/engine/support/hierarchical/LockManager done
Event: 0.588 loading class org/junit/platform/engine/support/hierarchical/ResourceLock
Event: 0.588 loading class org/junit/platform/engine/support/hierarchical/ResourceLock done
Event: 0.588 loading class java/util/concurrent/locks/ReadWriteLock
Event: 0.588 loading class java/util/concurrent/locks/ReadWriteLock done
Event: 0.588 loading class org/junit/platform/engine/support/hierarchical/ExclusiveResource
Event: 0.588 loading class org/junit/platform/engine/support/hierarchical/ExclusiveResource done
Event: 0.590 loading class org/junit/platform/engine/support/hierarchical/ExclusiveResource
Event: 0.590 loading class org/junit/platform/engine/support/hierarchical/ExclusiveResource done


Dynamic libraries:
0x00007ff70a090000 - 0x00007ff70a09d000 	C:\Program Files\AdoptOpenJDK\jdk-11.0.7.10-hotspot\bin\java.exe
0x00007ffedcb80000 - 0x00007ffedcd70000 	C:\Windows\SYSTEM32\ntdll.dll
0x00007ffedc480000 - 0x00007ffedc532000 	C:\Windows\System32\KERNEL32.DLL
0x00007ffed9d60000 - 0x00007ffeda003000 	C:\Windows\System32\KERNELBASE.dll
0x00007ffed9be0000 - 0x00007ffed9cda000 	C:\Windows\System32\ucrtbase.dll
0x00007ffeb9290000 - 0x00007ffeb92a5000 	C:\Program Files\AdoptOpenJDK\jdk-11.0.7.10-hotspot\bin\VCRUNTIME140.dll
0x00007ffeba720000 - 0x00007ffeba737000 	C:\Program Files\AdoptOpenJDK\jdk-11.0.7.10-hotspot\bin\jli.dll
0x00007ffedba50000 - 0x00007ffedbbe4000 	C:\Windows\System32\USER32.dll
0x00007ffeda040000 - 0x00007ffeda061000 	C:\Windows\System32\win32u.dll
0x00007ffecaa70000 - 0x00007ffecacf5000 	C:\Windows\WinSxS\amd64_microsoft.windows.common-controls_6595b64144ccf1df_6.0.18362.476_none_e6c4b11b130f2595\COMCTL32.dll
0x00007ffedbec0000 - 0x00007ffedbee6000 	C:\Windows\System32\GDI32.dll
0x00007ffedb890000 - 0x00007ffedb92e000 	C:\Windows\System32\msvcrt.dll
0x00007ffeda170000 - 0x00007ffeda304000 	C:\Windows\System32\gdi32full.dll
0x00007ffeda0d0000 - 0x00007ffeda16e000 	C:\Windows\System32\msvcp_win.dll
0x00007ffedada0000 - 0x00007ffedb0d6000 	C:\Windows\System32\combase.dll
0x00007ffedbda0000 - 0x00007ffedbec0000 	C:\Windows\System32\RPCRT4.dll
0x00007ffed9ce0000 - 0x00007ffed9d60000 	C:\Windows\System32\bcryptPrimitives.dll
0x00007ffedb930000 - 0x00007ffedb95e000 	C:\Windows\System32\IMM32.DLL
0x00007ffeab160000 - 0x00007ffeab1fb000 	C:\Program Files\AdoptOpenJDK\jdk-11.0.7.10-hotspot\bin\msvcp140.dll
0x00007ffe97a60000 - 0x00007ffe9851c000 	C:\Program Files\AdoptOpenJDK\jdk-11.0.7.10-hotspot\bin\server\jvm.dll
0x00007ffedb7e0000 - 0x00007ffedb883000 	C:\Windows\System32\ADVAPI32.dll
0x00007ffedc360000 - 0x00007ffedc3f7000 	C:\Windows\System32\sechost.dll
0x00007ffedc100000 - 0x00007ffedc108000 	C:\Windows\System32\PSAPI.DLL
0x00007ffeb9c10000 - 0x00007ffeb9c19000 	C:\Windows\SYSTEM32\WSOCK32.dll
0x00007ffed7ac0000 - 0x00007ffed7ae4000 	C:\Windows\SYSTEM32\WINMM.dll
0x00007ffed45b0000 - 0x00007ffed45ba000 	C:\Windows\SYSTEM32\VERSION.dll
0x00007ffedc090000 - 0x00007ffedc0ff000 	C:\Windows\System32\WS2_32.dll
0x00007ffed7960000 - 0x00007ffed798d000 	C:\Windows\SYSTEM32\winmmbase.dll
0x00007ffed9b90000 - 0x00007ffed9bda000 	C:\Windows\System32\cfgmgr32.dll
0x00007ffed9a30000 - 0x00007ffed9a41000 	C:\Windows\System32\kernel.appcore.dll
0x00007ffed3c60000 - 0x00007ffed3c70000 	C:\Program Files\AdoptOpenJDK\jdk-11.0.7.10-hotspot\bin\verify.dll
0x00007ffec5c50000 - 0x00007ffec5e44000 	C:\Windows\SYSTEM32\DBGHELP.DLL
0x00007ffec5bc0000 - 0x00007ffec5bea000 	C:\Windows\SYSTEM32\dbgcore.DLL
0x00007ffeb0260000 - 0x00007ffeb0288000 	C:\Program Files\AdoptOpenJDK\jdk-11.0.7.10-hotspot\bin\java.dll
0x00007ffec5ea0000 - 0x00007ffec5eae000 	C:\Program Files\AdoptOpenJDK\jdk-11.0.7.10-hotspot\bin\instrument.dll
0x00007ffeb9270000 - 0x00007ffeb9286000 	C:\Program Files\AdoptOpenJDK\jdk-11.0.7.10-hotspot\bin\zip.dll
0x00007ffed3a60000 - 0x00007ffed3a6a000 	C:\Program Files\AdoptOpenJDK\jdk-11.0.7.10-hotspot\bin\jimage.dll
0x00007ffedb0e0000 - 0x00007ffedb7c5000 	C:\Windows\System32\SHELL32.dll
0x00007ffedc200000 - 0x00007ffedc2a9000 	C:\Windows\System32\shcore.dll
0x00007ffeda460000 - 0x00007ffedabde000 	C:\Windows\System32\windows.storage.dll
0x00007ffed9ac0000 - 0x00007ffed9adf000 	C:\Windows\System32\profapi.dll
0x00007ffed9a70000 - 0x00007ffed9aba000 	C:\Windows\System32\powrprof.dll
0x00007ffed9a20000 - 0x00007ffed9a30000 	C:\Windows\System32\UMPDC.dll
0x00007ffedc110000 - 0x00007ffedc162000 	C:\Windows\System32\shlwapi.dll
0x00007ffedabe0000 - 0x00007ffedabf7000 	C:\Windows\System32\cryptsp.dll
0x00007ffeb8480000 - 0x00007ffeb8499000 	C:\Program Files\AdoptOpenJDK\jdk-11.0.7.10-hotspot\bin\net.dll
0x00007ffed0050000 - 0x00007ffed0140000 	C:\Windows\SYSTEM32\WINHTTP.dll
0x00007ffed9290000 - 0x00007ffed92f7000 	C:\Windows\system32\mswsock.dll
0x00007ffeb0640000 - 0x00007ffeb0652000 	C:\Program Files\AdoptOpenJDK\jdk-11.0.7.10-hotspot\bin\nio.dll
0x00007ffeb0220000 - 0x00007ffeb023a000 	C:\Users\Max\AppData\Local\JetBrains\Toolbox\apps\IDEA-C\ch-0\201.7846.76\bin\breakgen64.dll

dbghelp: loaded successfully - version: 4.0.5 - missing functions: none
symbol engine: initialized successfully - sym options: 0x614 - pdb path: .;C:\Program Files\AdoptOpenJDK\jdk-11.0.7.10-hotspot\bin;C:\Windows\SYSTEM32;C:\Windows\WinSxS\amd64_microsoft.windows.common-controls_6595b64144ccf1df_6.0.18362.476_none_e6c4b11b130f2595;C:\Program Files\AdoptOpenJDK\jdk-11.0.7.10-hotspot\bin\server;C:\Users\Max\AppData\Local\JetBrains\Toolbox\apps\IDEA-C\ch-0\201.7846.76\bin

VM Arguments:
jvm_args: -ea -Didea.test.cyclic.buffer.size=1048576 -javaagent:C:\Users\Max\AppData\Local\JetBrains\Toolbox\apps\IDEA-C\ch-0\201.7846.76\lib\idea_rt.jar=49909:C:\Users\Max\AppData\Local\JetBrains\Toolbox\apps\IDEA-C\ch-0\201.7846.76\bin -Dfile.encoding=UTF-8 
java_command: com.intellij.rt.junit.JUnitStarter -ideVersion5 -junit5 ru.netology.stats.StatsServiceTest,minSalesMonth
java_class_path (initial): C:\Users\Max\AppData\Local\JetBrains\Toolbox\apps\IDEA-C\ch-0\201.7846.76\lib\idea_rt.jar;C:\Users\Max\.m2\repository\org\junit\platform\junit-platform-launcher\1.6.1\junit-platform-launcher-1.6.1.jar;C:\Users\Max\AppData\Local\JetBrains\Toolbox\apps\IDEA-C\ch-0\201.7846.76\plugins\junit\lib\junit5-rt.jar;C:\Users\Max\AppData\Local\JetBrains\Toolbox\apps\IDEA-C\ch-0\201.7846.76\plugins\junit\lib\junit-rt.jar;G:\ÊÓÐÑÛ\Òåñòèðîâùèê\Java\HW\2.4-1-Stat\target\test-classes;G:\ÊÓÐÑÛ\Òåñòèðîâùèê\Java\HW\2.4-1-Stat\target\classes;C:\Users\Max\.m2\repository\org\junit\jupiter\junit-jupiter\5.6.1\junit-jupiter-5.6.1.jar;C:\Users\Max\.m2\repository\org\junit\jupiter\junit-jupiter-api\5.6.1\junit-jupiter-api-5.6.1.jar;C:\Users\Max\.m2\repository\org\apiguardian\apiguardian-api\1.1.0\apiguardian-api-1.1.0.jar;C:\Users\Max\.m2\repository\org\opentest4j\opentest4j\1.2.0\opentest4j-1.2.0.jar;C:\Users\Max\.m2\repository\org\junit\platform\junit-platform-commons\1.6.1\junit-platform-commons-1.6.1.jar;C:\Users\Max\.m2\repository\org\junit\jupiter\junit-jupiter-params\5.6.1\junit-jupiter-params-5.6.1.jar;C:\Users\Max\.m2\repository\org\junit\jupiter\junit-jupiter-engine\5.6.1\junit-jupiter-engine-5.6.1.jar;C:\Users\Max\.m2\repository\org\junit\platform\junit-platform-engine\1.6.1\junit-platform-engine-1.6.1.jar
Launcher Type: SUN_STANDARD

[Global flags]
     intx CICompilerCount                          = 4                                         {product} {ergonomic}
     uint ConcGCThreads                            = 2                                         {product} {ergonomic}
     uint G1ConcRefinementThreads                  = 8                                         {product} {ergonomic}
   size_t G1HeapRegionSize                         = 1048576                                   {product} {ergonomic}
    uintx GCDrainStackTargetSize                   = 64                                        {product} {ergonomic}
   size_t InitialHeapSize                          = 134217728                                 {product} {ergonomic}
   size_t MarkStackSize                            = 4194304                                   {product} {ergonomic}
   size_t MaxHeapSize                              = 2118123520                                {product} {ergonomic}
   size_t MaxNewSize                               = 1270874112                                {product} {ergonomic}
   size_t MinHeapDeltaBytes                        = 1048576                                   {product} {ergonomic}
    uintx NonNMethodCodeHeapSize                   = 5836300                                {pd product} {ergonomic}
    uintx NonProfiledCodeHeapSize                  = 122910970                              {pd product} {ergonomic}
    uintx ProfiledCodeHeapSize                     = 122910970                              {pd product} {ergonomic}
    uintx ReservedCodeCacheSize                    = 251658240                              {pd product} {ergonomic}
     bool SegmentedCodeCache                       = true                                      {product} {ergonomic}
     bool UseCompressedClassPointers               = true                                 {lp64_product} {ergonomic}
     bool UseCompressedOops                        = true                                 {lp64_product} {ergonomic}
     bool UseG1GC                                  = true                                      {product} {ergonomic}
     bool UseLargePagesIndividualAllocation        = false                                  {pd product} {ergonomic}

Logging:
Log output configuration:
 #0: stdout all=warning uptime,level,tags
 #1: stderr all=off uptime,level,tags

Environment Variables:
PATH=C:\Program Files\AdoptOpenJDK\jdk-11.0.7.10-hotspot\bin;C:\Program Files (x86)\Intel\iCLS Client\;C:\Program Files\Intel\iCLS Client\;C:\Program Files (x86)\NVIDIA Corporation\PhysX\Common;C:\Program Files (x86)\Common Files\Oracle\Java\javapath;C:\Windows\system32;C:\Windows;C:\Windows\System32\Wbem;C:\Windows\System32\WindowsPowerShell\v1.0\;C:\Windows\System32\OpenSSH\;C:\Program Files\Intel\Intel(R) Management Engine Components\DAL;C:\Program Files\Intel\Intel(R) Management Engine Components\IPT;C:\Program Files (x86)\Intel\Intel(R) Management Engine Components\DAL;C:\Program Files (x86)\Intel\Intel(R) Management Engine Components\IPT;C:\Program Files\Git\cmd;C:\Users\Max\AppData\Local\Microsoft\WindowsApps;C:\Users\Max\AppData\Local\Programs\Microsoft VS Code\bin
USERNAME=Max
OS=Windows_NT
PROCESSOR_IDENTIFIER=Intel64 Family 6 Model 60 Stepping 3, GenuineIntel



---------------  S Y S T E M  ---------------

OS: Windows 10 , 64 bit Build 18362 (10.0.18362.329)
OS uptime: 2 days 3:02 hours

CPU:total 8 (initial active 8) (4 cores per cpu, 2 threads per core) family 6 model 60 stepping 3, cmov, cx8, fxsr, mmx, sse, sse2, sse3, ssse3, sse4.1, sse4.2, popcnt, avx, avx2, aes, clmul, erms, lzcnt, ht, tsc, tscinvbit, bmi1, bmi2, fma

Memory: 4k page, system-wide physical 8072M (1353M free)
TotalPageFile size 10120M (AvailPageFile size 13M)
current process WorkingSet (physical memory assigned to process): 61M, peak: 61M
current process commit charge ("private bytes"): 220M, peak: 221M

vm_info: OpenJDK 64-Bit Server VM (11.0.7+10) for windows-amd64 JRE (11.0.7+10), built on Apr 22 2020 11:46:09 by "" with MS VC++ 15.9 (VS2017)

END.
